C:\Program Files\Microsoft Visual Studio\2022\Community\MSBuild\Microsoft\VC\v170\Microsoft.CppBuild.targets(517,5): warning MSB8028: Le répertoire intermédiaire (x64\Debug\) contient des fichiers partagés provenant d'un autre projet (SimpleEngineWithOpenGL-032.vcxproj). Cela peut entraîner un comportement de nettoyage et de regénération incorrect.
  ArrowActor.cpp
  3DGameEngine.vcxproj -> D:\GitHub\3DGameEngine\x64\Debug\3DGameEngine.exe
  D:\GitHub\3DGameEngine\Res\Audio\Master Bank.bank
  D:\GitHub\3DGameEngine\Res\Audio\Master Bank.strings.bank
  D:\GitHub\3DGameEngine\Res\Meshes\Cube.gpmesh
  D:\GitHub\3DGameEngine\Res\Meshes\Plane.gpmesh
  D:\GitHub\3DGameEngine\Res\Meshes\RacingCar.gpmesh
  D:\GitHub\3DGameEngine\Res\Meshes\Rifle.gpmesh
  D:\GitHub\3DGameEngine\Res\Meshes\Sphere.gpmesh
  D:\GitHub\3DGameEngine\Res\Meshes\Target.gpmesh
  D:\GitHub\3DGameEngine\Res\Shaders\BasicMesh.frag
  D:\GitHub\3DGameEngine\Res\Shaders\BasicMesh.vert
  D:\GitHub\3DGameEngine\Res\Shaders\Phong.frag
  D:\GitHub\3DGameEngine\Res\Shaders\Phong.vert
  D:\GitHub\3DGameEngine\Res\Shaders\Sprite.frag
  D:\GitHub\3DGameEngine\Res\Shaders\Sprite.vert
  D:\GitHub\3DGameEngine\Res\Textures\Crosshair.png
  D:\GitHub\3DGameEngine\Res\Textures\Cube.png
  D:\GitHub\3DGameEngine\Res\Textures\Default.png
  D:\GitHub\3DGameEngine\Res\Textures\HealthBar.png
  D:\GitHub\3DGameEngine\Res\Textures\Planch.png
  D:\GitHub\3DGameEngine\Res\Textures\Plane.png
  D:\GitHub\3DGameEngine\Res\Textures\RacingCar.png
  D:\GitHub\3DGameEngine\Res\Textures\Radar.png
  D:\GitHub\3DGameEngine\Res\Textures\Radar.png~
  D:\GitHub\3DGameEngine\Res\Textures\Rifle.png
  D:\GitHub\3DGameEngine\Res\Textures\Sphere.png
  D:\GitHub\3DGameEngine\Res\Textures\Target.png
  26 fichier(s) copiÚ(s)
