  Game.cpp
  SimpleEngineWithOpenGL-032.vcxproj -> C:\Users\leo.rocher\Downloads\SimpleEngineWithOpenGL-032\x64\Debug\SimpleEngineWithOpenGL-032.exe
  C:\Users\leo.rocher\Downloads\SimpleEngineWithOpenGL-032\Res\Audio\Master Bank.bank
  C:\Users\leo.rocher\Downloads\SimpleEngineWithOpenGL-032\Res\Audio\Master Bank.strings.bank
  C:\Users\leo.rocher\Downloads\SimpleEngineWithOpenGL-032\Res\Meshes\Cube.gpmesh
  C:\Users\leo.rocher\Downloads\SimpleEngineWithOpenGL-032\Res\Meshes\Plane.gpmesh
  C:\Users\leo.rocher\Downloads\SimpleEngineWithOpenGL-032\Res\Meshes\Sphere.gpmesh
  C:\Users\leo.rocher\Downloads\SimpleEngineWithOpenGL-032\Res\Shaders\BasicMesh.frag
  C:\Users\leo.rocher\Downloads\SimpleEngineWithOpenGL-032\Res\Shaders\BasicMesh.vert
  C:\Users\leo.rocher\Downloads\SimpleEngineWithOpenGL-032\Res\Shaders\Phong.frag
  C:\Users\leo.rocher\Downloads\SimpleEngineWithOpenGL-032\Res\Shaders\Phong.vert
  C:\Users\leo.rocher\Downloads\SimpleEngineWithOpenGL-032\Res\Shaders\Sprite.frag
  C:\Users\leo.rocher\Downloads\SimpleEngineWithOpenGL-032\Res\Shaders\Sprite.vert
  C:\Users\leo.rocher\Downloads\SimpleEngineWithOpenGL-032\Res\Textures\Cube.png
  C:\Users\leo.rocher\Downloads\SimpleEngineWithOpenGL-032\Res\Textures\Default.png
  C:\Users\leo.rocher\Downloads\SimpleEngineWithOpenGL-032\Res\Textures\HealthBar.png
  C:\Users\leo.rocher\Downloads\SimpleEngineWithOpenGL-032\Res\Textures\Plane.png
  C:\Users\leo.rocher\Downloads\SimpleEngineWithOpenGL-032\Res\Textures\Radar.png
  C:\Users\leo.rocher\Downloads\SimpleEngineWithOpenGL-032\Res\Textures\Sphere.png
  17 File(s) copied
